Compiler version: 64Bit

. ID: אחמד סכראן_7092_assignsubmission_file_
Code path: C:\Users\User\Desktop\Studies\אימות ובדיקות תכנה\Project\Stage 3\Designs\HETS1\Assets\Test Required FIles\Debugging Required Files\Codes To Check\אחמד סכראן_7092_assignsubmission_file_\mtla3.c
Exe path: C:\Users\User\Desktop\Studies\אימות ובדיקות תכנה\Project\Stage 3\Designs\HETS1\Assets\Test Required FIles\Debugging Required Files\Codes To Check\אחמד סכראן_7092_assignsubmission_file_\Exe\Source.exe
Code submitted: True
Exe submitted: True
Compiler output: 
Compiled Exe path: C:\Users\User\Desktop\Studies\אימות ובדיקות תכנה\Project\Stage 3\Designs\HETS1\Assets\Test Required FIles\Debugging Required Files\Codes To Check\אחמד סכראן_7092_assignsubmission_file_\mtla3.exe


compiled .exe results:

compiled .exe results:
Input:

1

Suppoed output:

9 5

Actual output:

Timed out!

Wrong Output!


compiled .exe results:

compiled .exe results:
Input:

1

Suppoed output:

9 5

Actual output:

Timed out!

Wrong Output!

Input:

1

Suppoed output:

9 5

Actual output:

Timed out!

Correct Output!


compiled .exe results:

compiled .exe results:
Input:

1

Suppoed output:

9 5

Actual output:

Timed out!

Wrong Output!


compiled .exe results:

compiled .exe results:
Input:

1

Suppoed output:

9 5

Actual output:

Timed out!

Wrong Output!

Input:

1

Suppoed output:

9 5

Actual output:

Timed out!

Correct Output!

Input:

1

Suppoed output:

9 5

Actual output:

Timed out!

Correct Output!


compiled .exe results:

compiled .exe results:
Input:

1

Suppoed output:

9 5

Actual output:

Timed out!

Wrong Output!


compiled .exe results:

compiled .exe results:
Input:

1

Suppoed output:

9 5

Actual output:

Timed out!

Wrong Output!

Input:

1

Suppoed output:

9 5

Actual output:

Timed out!

Correct Output!


compiled .exe results:

compiled .exe results:
Input:

1

Suppoed output:

9 5

Actual output:

Timed out!

Wrong Output!


compiled .exe results:

compiled .exe results:
Input:

1

Suppoed output:

9 5

Actual output:

Timed out!

Wrong Output!

Input:

1

Suppoed output:

9 5

Actual output:

Timed out!

Correct Output!

Input:

1

Suppoed output:

9 5

Actual output:

Timed out!

Correct Output!

Input:

1

Suppoed output:

9 5

Actual output:

Timed out!

Wrong Output!


compiled .exe results:

compiled .exe results:
Input:

1

Suppoed output:

9 5

Actual output:

Timed out!

Wrong Output!


compiled .exe results:

compiled .exe results:
Input:

1

Suppoed output:

9 5

Actual output:

Timed out!

Wrong Output!

Input:

1

Suppoed output:

9 5

Actual output:

Timed out!

Correct Output!


compiled .exe results:

compiled .exe results:
Input:

1

Suppoed output:

9 5

Actual output:

Timed out!

Wrong Output!


compiled .exe results:

compiled .exe results:
Input:

1

Suppoed output:

9 5

Actual output:

Timed out!

Wrong Output!

Input:

1

Suppoed output:

9 5

Actual output:

Timed out!

Correct Output!

Input:

1

Suppoed output:

9 5

Actual output:

Timed out!

Correct Output!


compiled .exe results:

compiled .exe results:
Input:

1

Suppoed output:

9 5

Actual output:

Timed out!

Wrong Output!


compiled .exe results:

compiled .exe results:
Input:

1

Suppoed output:

9 5

Actual output:

Timed out!

Wrong Output!

Input:

1

Suppoed output:

9 5

Actual output:

Timed out!

Correct Output!


compiled .exe results:

compiled .exe results:
Input:

1

Suppoed output:

9 5

Actual output:

Timed out!

Wrong Output!


compiled .exe results:

compiled .exe results:
Input:

1

Suppoed output:

9 5

Actual output:

Timed out!

Wrong Output!

Input:

1

Suppoed output:

9 5

Actual output:

Timed out!

Correct Output!

Input:

1

Suppoed output:

9 5

Actual output:

Timed out!

Correct Output!

Input:

1

Suppoed output:

9 5

Actual output:

Timed out!

Wrong Output!

Input:

1

Suppoed output:

9 5

Actual output:

Timed out!

Wrong Output!


Overall success rate of: 40.0% with POSSIBLE CHEATING!

. ID: איימן שפסו_7085_assignsubmission_file_
Code path: C:\Users\User\Desktop\Studies\אימות ובדיקות תכנה\Project\Stage 3\Designs\HETS1\Assets\Test Required FIles\Debugging Required Files\Codes To Check\איימן שפסו_7085_assignsubmission_file_\Q3 .c
Exe path: 
Code submitted: True
Exe submitted: False
Compiler output: tcc: error: file 'Q3' not found

Compiled Exe path: 

No results.
Overall success rate of: 0%

. ID: אלמוג ברום_7083_assignsubmission_file_
Code path: C:\Users\User\Desktop\Studies\אימות ובדיקות תכנה\Project\Stage 3\Designs\HETS1\Assets\Test Required FIles\Debugging Required Files\Codes To Check\אלמוג ברום_7083_assignsubmission_file_\ תרגיל 3.c
Exe path: 
Code submitted: True
Exe submitted: False
Compiler output: tcc: error: file 'תרגיל' not found

Compiled Exe path: 

No results.
Overall success rate of: 0%

