Compiler version: 64Bit

. ID: אחמד סכראן_7092_assignsubmission_file_
Code path: C:\Users\User\Desktop\Studies\אימות ובדיקות תכנה\Project\Stage 3\Designs\HETS1\Assets\Test Required FIles\Debugging Required Files\Codes To Check\אחמד סכראן_7092_assignsubmission_file_\mtla3.c
Exe path: C:\Users\User\Desktop\Studies\אימות ובדיקות תכנה\Project\Stage 3\Designs\HETS1\Assets\Test Required FIles\Debugging Required Files\Codes To Check\אחמד סכראן_7092_assignsubmission_file_\Exe\Source.exe
Code submitted: True
Exe submitted: True
Compiler output: 
Compiled Exe path: C:\Users\User\Desktop\Studies\אימות ובדיקות תכנה\Project\Stage 3\Designs\HETS1\Assets\Test Required FIles\Debugging Required Files\Codes To Check\אחמד סכראן_7092_assignsubmission_file_\mtla3.exe


compiled .exe results:

compiled .exe results:
Input:

1

Suppoed output:

9 5

Actual output:

Timed out!

Wrong Output!


compiled .exe results:

compiled .exe results:
Input:

1

Suppoed output:

9 5

Actual output:

Timed out!

Wrong Output!

Input:

1

Suppoed output:

9 5

Actual output:

Timed out!

Correct Output!


compiled .exe results:

compiled .exe results:
Input:

1

Suppoed output:

9 5

Actual output:

Timed out!

Wrong Output!


compiled .exe results:

compiled .exe results:
Input:

1

Suppoed output:

9 5

Actual output:

Timed out!

Wrong Output!

Input:

1

Suppoed output:

9 5

Actual output:

Timed out!

Correct Output!

Input:

1

Suppoed output:

9 5

Actual output:

Timed out!

Correct Output!


compiled .exe results:

compiled .exe results:
Input:

1

Suppoed output:

9 5

Actual output:

Timed out!

Wrong Output!


compiled .exe results:

compiled .exe results:
Input:

1

Suppoed output:

9 5

Actual output:

Timed out!

Wrong Output!

Input:

1

Suppoed output:

9 5

Actual output:

Timed out!

Correct Output!


compiled .exe results:

compiled .exe results:
Input:

1

Suppoed output:

9 5

Actual output:

Timed out!

Wrong Output!


compiled .exe results:

compiled .exe results:
Input:

1

Suppoed output:

9 5

Actual output:

Timed out!

Wrong Output!

Input:

1

Suppoed output:

9 5

Actual output:

Timed out!

Correct Output!

Input:

1

Suppoed output:

9 5

Actual output:

Timed out!

Correct Output!

Input:

1

Suppoed output:

9 5

Actual output:

Timed out!

Wrong Output!


compiled .exe results:

compiled .exe results:
Input:

1

Suppoed output:

9 5

Actual output:

Timed out!

Wrong Output!


compiled .exe results:

compiled .exe results:
Input:

1

Suppoed output:

9 5

Actual output:

Timed out!

Wrong Output!

Input:

1

Suppoed output:

9 5

Actual output:

Timed out!

Correct Output!


compiled .exe results:

compiled .exe results:
Input:

1

Suppoed output:

9 5

Actual output:

Timed out!

Wrong Output!


compiled .exe results:

compiled .exe results:
Input:

1

Suppoed output:

9 5

Actual output:

Timed out!

Wrong Output!

Input:

1

Suppoed output:

9 5

Actual output:

Timed out!

Correct Output!

Input:

1

Suppoed output:

9 5

Actual output:

Timed out!

Correct Output!


compiled .exe results:

compiled .exe results:
Input:

1

Suppoed output:

9 5

Actual output:

Timed out!

Wrong Output!


compiled .exe results:

compiled .exe results:
Input:

1

Suppoed output:

9 5

Actual output:

Timed out!

Wrong Output!

Input:

1

Suppoed output:

9 5

Actual output:

Timed out!

Correct Output!


compiled .exe results:

compiled .exe results:
Input:

1

Suppoed output:

9 5

Actual output:

Timed out!

Wrong Output!


compiled .exe results:

compiled .exe results:
Input:

1

Suppoed output:

9 5

Actual output:

Timed out!

Wrong Output!

Input:

1

Suppoed output:

9 5

Actual output:

Timed out!

Correct Output!

Input:

1

Suppoed output:

9 5

Actual output:

Timed out!

Correct Output!

Input:

1

Suppoed output:

9 5

Actual output:

Timed out!

Wrong Output!

Input:

1

Suppoed output:

9 5

Actual output:

Timed out!

Wrong Output!


Overall success rate of: 40.0% with POSSIBLE CHEATING!

. ID: איימן שפסו_7085_assignsubmission_file_
Code path: C:\Users\User\Desktop\Studies\אימות ובדיקות תכנה\Project\Stage 3\Designs\HETS1\Assets\Test Required FIles\Debugging Required Files\Codes To Check\איימן שפסו_7085_assignsubmission_file_\Q3 .c
Exe path: 
Code submitted: True
Exe submitted: False
Compiler output: tcc: error: file 'Q3' not found

Compiled Exe path: 

No results.
Overall success rate of: 0%

. ID: אלמוג ברום_7083_assignsubmission_file_
Code path: C:\Users\User\Desktop\Studies\אימות ובדיקות תכנה\Project\Stage 3\Designs\HETS1\Assets\Test Required FIles\Debugging Required Files\Codes To Check\אלמוג ברום_7083_assignsubmission_file_\ תרגיל 3.c
Exe path: 
Code submitted: True
Exe submitted: False
Compiler output: tcc: error: file 'תרגיל' not found

Compiled Exe path: 

No results.
Overall success rate of: 0%

. ID: אמיר בוניאט זדה_7086_assignsubmission_file_
Code path: C:\Users\User\Desktop\Studies\אימות ובדיקות תכנה\Project\Stage 3\Designs\HETS1\Assets\Test Required FIles\Debugging Required Files\Codes To Check\אמיר בוניאט זדה_7086_assignsubmission_file_\Source.c
Exe path: 
Code submitted: True
Exe submitted: True
Compiler output: Source.c:8: warning: implicit declaration of function 'scanf_s'

Compiled Exe path: C:\Users\User\Desktop\Studies\אימות ובדיקות תכנה\Project\Stage 3\Designs\HETS1\Assets\Test Required FIles\Debugging Required Files\Codes To Check\אמיר בוניאט זדה_7086_assignsubmission_file_\Source.exe


compiled .exe results:

compiled .exe results:
Input:

1

Suppoed output:

9 5

Actual output:

enter 2 chars seperated by space:
The chars must be seperated by a comma!


Wrong Output!


compiled .exe results:

compiled .exe results:
Input:

1

Suppoed output:

9 5

Actual output:

enter 2 chars seperated by space:
The chars must be seperated by a comma!


Wrong Output!

Input:

1

Suppoed output:

9 5

Actual output:

enter 2 chars seperated by space:
The chars must be seperated by a comma!


Correct Output!


compiled .exe results:

compiled .exe results:
Input:

1

Suppoed output:

9 5

Actual output:

enter 2 chars seperated by space:
The chars must be seperated by a comma!


Wrong Output!


compiled .exe results:

compiled .exe results:
Input:

1

Suppoed output:

9 5

Actual output:

enter 2 chars seperated by space:
The chars must be seperated by a comma!


Wrong Output!

Input:

1

Suppoed output:

9 5

Actual output:

enter 2 chars seperated by space:
The chars must be seperated by a comma!


Correct Output!

Input:

1

Suppoed output:

9 5

Actual output:

enter 2 chars seperated by space:
The chars must be seperated by a comma!


Correct Output!


compiled .exe results:

compiled .exe results:
Input:

1

Suppoed output:

9 5

Actual output:

enter 2 chars seperated by space:
The chars must be seperated by a comma!


Wrong Output!


compiled .exe results:

compiled .exe results:
Input:

1

Suppoed output:

9 5

Actual output:

enter 2 chars seperated by space:
The chars must be seperated by a comma!


Wrong Output!

Input:

1

Suppoed output:

9 5

Actual output:

enter 2 chars seperated by space:
The chars must be seperated by a comma!


Correct Output!


compiled .exe results:

compiled .exe results:
Input:

1

Suppoed output:

9 5

Actual output:

enter 2 chars seperated by space:
The chars must be seperated by a comma!


Wrong Output!


compiled .exe results:

compiled .exe results:
Input:

1

Suppoed output:

9 5

Actual output:

enter 2 chars seperated by space:
The chars must be seperated by a comma!


Wrong Output!

Input:

1

Suppoed output:

9 5

Actual output:

enter 2 chars seperated by space:
The chars must be seperated by a comma!


Correct Output!

Input:

1

Suppoed output:

9 5

Actual output:

enter 2 chars seperated by space:
The chars must be seperated by a comma!


Correct Output!

Input:

1

Suppoed output:

9 5

Actual output:

enter 2 chars seperated by space:
The chars must be seperated by a comma!


Wrong Output!


compiled .exe results:

compiled .exe results:
Input:

1

Suppoed output:

9 5

Actual output:

enter 2 chars seperated by space:
The chars must be seperated by a comma!


Wrong Output!


compiled .exe results:

compiled .exe results:
Input:

1

Suppoed output:

9 5

Actual output:

enter 2 chars seperated by space:
The chars must be seperated by a comma!


Wrong Output!

Input:

1

Suppoed output:

9 5

Actual output:

enter 2 chars seperated by space:
The chars must be seperated by a comma!


Correct Output!


compiled .exe results:

compiled .exe results:
Input:

1

Suppoed output:

9 5

Actual output:

enter 2 chars seperated by space:
The chars must be seperated by a comma!


Wrong Output!


compiled .exe results:

compiled .exe results:
Input:

1

Suppoed output:

9 5

Actual output:

enter 2 chars seperated by space:
The chars must be seperated by a comma!


Wrong Output!

Input:

1

Suppoed output:

9 5

Actual output:

enter 2 chars seperated by space:
The chars must be seperated by a comma!


Correct Output!

Input:

1

Suppoed output:

9 5

Actual output:

enter 2 chars seperated by space:
The chars must be seperated by a comma!


Correct Output!


compiled .exe results:

compiled .exe results:
Input:

1

Suppoed output:

9 5

Actual output:

enter 2 chars seperated by space:
The chars must be seperated by a comma!


Wrong Output!


compiled .exe results:

compiled .exe results:
Input:

1

Suppoed output:

9 5

Actual output:

enter 2 chars seperated by space:
The chars must be seperated by a comma!


Wrong Output!

Input:

1

Suppoed output:

9 5

Actual output:

enter 2 chars seperated by space:
The chars must be seperated by a comma!


Correct Output!


compiled .exe results:

compiled .exe results:
Input:

1

Suppoed output:

9 5

Actual output:

enter 2 chars seperated by space:
The chars must be seperated by a comma!


Wrong Output!


compiled .exe results:

compiled .exe results:
Input:

1

Suppoed output:

9 5

Actual output:

enter 2 chars seperated by space:
The chars must be seperated by a comma!


Wrong Output!

Input:

1

Suppoed output:

9 5

Actual output:

enter 2 chars seperated by space:
The chars must be seperated by a comma!


Correct Output!

Input:

1

Suppoed output:

9 5

Actual output:

enter 2 chars seperated by space:
The chars must be seperated by a comma!


Correct Output!

Input:

1

Suppoed output:

9 5

Actual output:

enter 2 chars seperated by space:
The chars must be seperated by a comma!


Wrong Output!

Input:

1

Suppoed output:

9 5

Actual output:

enter 2 chars seperated by space:
The chars must be seperated by a comma!


Wrong Output!


Overall success rate of: 40.0%

. ID: אנדראינה אוליוורס פרל_7099_assignsubmission_file_
Code path: C:\Users\User\Desktop\Studies\אימות ובדיקות תכנה\Project\Stage 3\Designs\HETS1\Assets\Test Required FIles\Debugging Required Files\Codes To Check\אנדראינה אוליוורס פרל_7099_assignsubmission_file_\ בית 3 שאלה 2.c
Exe path: 
Code submitted: True
Exe submitted: False
Compiler output: tcc: error: file 'בית' not found

Compiled Exe path: 

No results.
Overall success rate of: 0%

. ID: בר אוחנה_7094_assignsubmission_file_
Code path: 
Exe path: 
Code submitted: False
Exe submitted: False
Compiler output: 
Compiled Exe path: 

No results.
Overall success rate of: 0%

. ID: גורי (נמרוד) שוורצמן_7091_assignsubmission_file_
Code path: C:\Users\User\Desktop\Studies\אימות ובדיקות תכנה\Project\Stage 3\Designs\HETS1\Assets\Test Required FIles\Debugging Required Files\Codes To Check\גורי (נמרוד) שוורצמן_7091_assignsubmission_file_\NewAscii.c
Exe path: C:\Users\User\Desktop\Studies\אימות ובדיקות תכנה\Project\Stage 3\Designs\HETS1\Assets\Test Required FIles\Debugging Required Files\Codes To Check\גורי (נמרוד) שוורצמן_7091_assignsubmission_file_\Exe\Source.exe
Code submitted: True
Exe submitted: True
Compiler output: NewAscii.c:10: warning: implicit declaration of function 'scanf_s'

Compiled Exe path: C:\Users\User\Desktop\Studies\אימות ובדיקות תכנה\Project\Stage 3\Designs\HETS1\Assets\Test Required FIles\Debugging Required Files\Codes To Check\גורי (נמרוד) שוורצמן_7091_assignsubmission_file_\NewAscii.exe


compiled .exe results:

compiled .exe results:
Input:

1

Suppoed output:

9 5

Actual output:

Please Enter Two Chars with only one space between them:Please Enter only Chars!

Wrong Output!


compiled .exe results:

compiled .exe results:
Input:

1

Suppoed output:

9 5

Actual output:

Please Enter Two Chars with only one space between them:Please Enter only Chars!

Wrong Output!

Input:

1

Suppoed output:

9 5

Actual output:

Please Enter Two Chars with only one space between them:Your Char Diffrence is: 1

Correct Output!


compiled .exe results:

compiled .exe results:
Input:

1

Suppoed output:

9 5

Actual output:

Please Enter Two Chars with only one space between them:Please Enter only Chars!

Wrong Output!


compiled .exe results:

compiled .exe results:
Input:

1

Suppoed output:

9 5

Actual output:

Please Enter Two Chars with only one space between them:Please Enter only Chars!

Wrong Output!

Input:

1

Suppoed output:

9 5

Actual output:

Please Enter Two Chars with only one space between them:Your Char Diffrence is: 1

Correct Output!

Input:

1

Suppoed output:

9 5

Actual output:

Please Enter Two Chars with only one space between them:Please Enter only Chars!

Correct Output!


compiled .exe results:

compiled .exe results:
Input:

1

Suppoed output:

9 5

Actual output:

Please Enter Two Chars with only one space between them:Please Enter only Chars!

Wrong Output!


compiled .exe results:

compiled .exe results:
Input:

1

Suppoed output:

9 5

Actual output:

Please Enter Two Chars with only one space between them:Please Enter only Chars!

Wrong Output!

Input:

1

Suppoed output:

9 5

Actual output:

Please Enter Two Chars with only one space between them:Your Char Diffrence is: 1

Correct Output!


compiled .exe results:

compiled .exe results:
Input:

1

Suppoed output:

9 5

Actual output:

Please Enter Two Chars with only one space between them:Please Enter only Chars!

Wrong Output!


compiled .exe results:

compiled .exe results:
Input:

1

Suppoed output:

9 5

Actual output:

Please Enter Two Chars with only one space between them:Please Enter only Chars!

Wrong Output!

Input:

1

Suppoed output:

9 5

Actual output:

Please Enter Two Chars with only one space between them:Your Char Diffrence is: 1

Correct Output!

Input:

1

Suppoed output:

9 5

Actual output:

Please Enter Two Chars with only one space between them:Please Enter only Chars!

Correct Output!

Input:

1

Suppoed output:

9 5

Actual output:

Please Enter Two Chars with only one space between them:Please Enter only Chars!

Wrong Output!


compiled .exe results:

compiled .exe results:
Input:

1

Suppoed output:

9 5

Actual output:

Please Enter Two Chars with only one space between them:Please Enter only Chars!

Wrong Output!


compiled .exe results:

compiled .exe results:
Input:

1

Suppoed output:

9 5

Actual output:

Please Enter Two Chars with only one space between them:Please Enter only Chars!

Wrong Output!

Input:

1

Suppoed output:

9 5

Actual output:

Please Enter Two Chars with only one space between them:Your Char Diffrence is: 1

Correct Output!


compiled .exe results:

compiled .exe results:
Input:

1

Suppoed output:

9 5

Actual output:

Please Enter Two Chars with only one space between them:Please Enter only Chars!

Wrong Output!


compiled .exe results:

compiled .exe results:
Input:

1

Suppoed output:

9 5

Actual output:

Please Enter Two Chars with only one space between them:Please Enter only Chars!

Wrong Output!

Input:

1

Suppoed output:

9 5

Actual output:

Please Enter Two Chars with only one space between them:Your Char Diffrence is: 1

Correct Output!

Input:

1

Suppoed output:

9 5

Actual output:

Please Enter Two Chars with only one space between them:Please Enter only Chars!

Correct Output!


compiled .exe results:

compiled .exe results:
Input:

1

Suppoed output:

9 5

Actual output:

Please Enter Two Chars with only one space between them:Please Enter only Chars!

Wrong Output!


compiled .exe results:

compiled .exe results:
Input:

1

Suppoed output:

9 5

Actual output:

Please Enter Two Chars with only one space between them:Please Enter only Chars!

Wrong Output!

Input:

1

Suppoed output:

9 5

Actual output:

Please Enter Two Chars with only one space between them:Your Char Diffrence is: 1

Correct Output!


compiled .exe results:

compiled .exe results:
Input:

1

Suppoed output:

9 5

Actual output:

Please Enter Two Chars with only one space between them:Please Enter only Chars!

Wrong Output!


compiled .exe results:

compiled .exe results:
Input:

1

Suppoed output:

9 5

Actual output:

Please Enter Two Chars with only one space between them:Please Enter only Chars!

Wrong Output!

Input:

1

Suppoed output:

9 5

Actual output:

Please Enter Two Chars with only one space between them:Your Char Diffrence is: 1

Correct Output!

Input:

1

Suppoed output:

9 5

Actual output:

Please Enter Two Chars with only one space between them:Please Enter only Chars!

Correct Output!

Input:

1

Suppoed output:

9 5

Actual output:

Please Enter Two Chars with only one space between them:Please Enter only Chars!

Wrong Output!

Input:

1

Suppoed output:

9 5

Actual output:

Please Enter Two Chars with only one space between them:Please Enter only Chars!

Wrong Output!


Overall success rate of: 40.0% with POSSIBLE CHEATING!

. ID: גיא מלינה_7093_assignsubmission_file_
Code path: C:\Users\User\Desktop\Studies\אימות ובדיקות תכנה\Project\Stage 3\Designs\HETS1\Assets\Test Required FIles\Debugging Required Files\Codes To Check\גיא מלינה_7093_assignsubmission_file_\ מלינה 204433148.c
Exe path: 
Code submitted: True
Exe submitted: False
Compiler output: tcc: error: file 'מלינה' not found

Compiled Exe path: 

No results.
Overall success rate of: 0%

. ID: דניאל קרנט_7088_assignsubmission_file_
Code path: C:\Users\User\Desktop\Studies\אימות ובדיקות תכנה\Project\Stage 3\Designs\HETS1\Assets\Test Required FIles\Debugging Required Files\Codes To Check\דניאל קרנט_7088_assignsubmission_file_\Source.c
Exe path: 
Code submitted: True
Exe submitted: True
Compiler output: Source.c:15: warning: implicit declaration of function 'scanf_s'

Compiled Exe path: C:\Users\User\Desktop\Studies\אימות ובדיקות תכנה\Project\Stage 3\Designs\HETS1\Assets\Test Required FIles\Debugging Required Files\Codes To Check\דניאל קרנט_7088_assignsubmission_file_\Source.exe


compiled .exe results:

compiled .exe results:
Input:

1

Suppoed output:

9 5

Actual output:

Please enter two characters
The absolute value of characters is: 49

Wrong Output!


compiled .exe results:

compiled .exe results:
Input:

1

Suppoed output:

9 5

Actual output:

Please enter two characters
The absolute value of characters is: 49

Wrong Output!

Input:

1

Suppoed output:

9 5

Actual output:

Please enter two characters
The absolute value of characters is: 40

Correct Output!


compiled .exe results:

compiled .exe results:
Input:

1

Suppoed output:

9 5

Actual output:

Please enter two characters
The absolute value of characters is: 49

Wrong Output!


compiled .exe results:

compiled .exe results:
Input:

1

Suppoed output:

9 5

Actual output:

Please enter two characters
The absolute value of characters is: 49

Wrong Output!

Input:

1

Suppoed output:

9 5

Actual output:

Please enter two characters
The absolute value of characters is: 40

Correct Output!

Input:

1

Suppoed output:

9 5

Actual output:

Please enter two characters
The absolute value of characters is: 51

Correct Output!


compiled .exe results:

compiled .exe results:
Input:

1

Suppoed output:

9 5

Actual output:

Please enter two characters
The absolute value of characters is: 49

Wrong Output!


compiled .exe results:

compiled .exe results:
Input:

1

Suppoed output:

9 5

Actual output:

Please enter two characters
The absolute value of characters is: 49

Wrong Output!

Input:

1

Suppoed output:

9 5

Actual output:

Please enter two characters
The absolute value of characters is: 40

Correct Output!


compiled .exe results:

compiled .exe results:
Input:

1

Suppoed output:

9 5

Actual output:

Please enter two characters
The absolute value of characters is: 49

Wrong Output!


compiled .exe results:

compiled .exe results:
Input:

1

Suppoed output:

9 5

Actual output:

Please enter two characters
The absolute value of characters is: 49

Wrong Output!

Input:

1

Suppoed output:

9 5

Actual output:

Please enter two characters
The absolute value of characters is: 40

Correct Output!

Input:

1

Suppoed output:

9 5

Actual output:

Please enter two characters
The absolute value of characters is: 51

Correct Output!

Input:

1

Suppoed output:

9 5

Actual output:

Please enter two characters
The absolute value of characters is: 0

Wrong Output!


compiled .exe results:

compiled .exe results:
Input:

1

Suppoed output:

9 5

Actual output:

Please enter two characters
The absolute value of characters is: 49

Wrong Output!


compiled .exe results:

compiled .exe results:
Input:

1

Suppoed output:

9 5

Actual output:

Please enter two characters
The absolute value of characters is: 49

Wrong Output!

Input:

1

Suppoed output:

9 5

Actual output:

Please enter two characters
The absolute value of characters is: 40

Correct Output!


compiled .exe results:

compiled .exe results:
Input:

1

Suppoed output:

9 5

Actual output:

Please enter two characters
The absolute value of characters is: 49

Wrong Output!


compiled .exe results:

compiled .exe results:
Input:

1

Suppoed output:

9 5

Actual output:

Please enter two characters
The absolute value of characters is: 49

Wrong Output!

Input:

1

Suppoed output:

9 5

Actual output:

Please enter two characters
The absolute value of characters is: 40

Correct Output!

Input:

1

Suppoed output:

9 5

Actual output:

Please enter two characters
The absolute value of characters is: 51

Correct Output!


compiled .exe results:

compiled .exe results:
Input:

1

Suppoed output:

9 5

Actual output:

Please enter two characters
The absolute value of characters is: 49

Wrong Output!


compiled .exe results:

compiled .exe results:
Input:

1

Suppoed output:

9 5

Actual output:

Please enter two characters
The absolute value of characters is: 49

Wrong Output!

Input:

1

Suppoed output:

9 5

Actual output:

Please enter two characters
The absolute value of characters is: 40

Correct Output!


compiled .exe results:

compiled .exe results:
Input:

1

Suppoed output:

9 5

Actual output:

Please enter two characters
The absolute value of characters is: 49

Wrong Output!


compiled .exe results:

compiled .exe results:
Input:

1

Suppoed output:

9 5

Actual output:

Please enter two characters
The absolute value of characters is: 49

Wrong Output!

Input:

1

Suppoed output:

9 5

Actual output:

Please enter two characters
The absolute value of characters is: 40

Correct Output!

Input:

1

Suppoed output:

9 5

Actual output:

Please enter two characters
The absolute value of characters is: 51

Correct Output!

Input:

1

Suppoed output:

9 5

Actual output:

Please enter two characters
The absolute value of characters is: 0

Wrong Output!

Input:

1

Suppoed output:

9 5

Actual output:

Please enter two characters
The absolute value of characters is: 52

Wrong Output!


Overall success rate of: 40.0%

. ID: דרור פרז_7078_assignsubmission_file_
Code path: 
Exe path: 
Code submitted: False
Exe submitted: False
Compiler output: 
Compiled Exe path: 

No results.
Overall success rate of: 0%

. ID: הייתם סלימאן_7068_assignsubmission_file_
Code path: C:\Users\User\Desktop\Studies\אימות ובדיקות תכנה\Project\Stage 3\Designs\HETS1\Assets\Test Required FIles\Debugging Required Files\Codes To Check\הייתם סלימאן_7068_assignsubmission_file_\ סלימאן ______.ת.ז 318582830__.         מוחמד מרעי ת.ז318538147.c
Exe path: 
Code submitted: True
Exe submitted: False
Compiler output: tcc: error: file 'סלימאן' not found

Compiled Exe path: 

No results.
Overall success rate of: 0%

. ID: היתם נשאשבי_7079_assignsubmission_file_
Code path: 
Exe path: 
Code submitted: False
Exe submitted: False
Compiler output: 
Compiled Exe path: 

No results.
Overall success rate of: 0%

. ID: ואסים חורי_7090_assignsubmission_file_
Code path: C:\Users\User\Desktop\Studies\אימות ובדיקות תכנה\Project\Stage 3\Designs\HETS1\Assets\Test Required FIles\Debugging Required Files\Codes To Check\ואסים חורי_7090_assignsubmission_file_\q2.c
Exe path: 
Code submitted: True
Exe submitted: False
Compiler output: In file included from q2.c:3:
In file included from c:/users/user/desktop/studies/אימות ובדיקות תכנה/project/stage 3/designs/hets1/assets/tcc/include/stdio.h:9:
In file included from c:/users/user/desktop/studies/אימות ובדיקות תכנה/project/stage 3/designs/hets1/assets/tcc/include/_mingw.h:27:
c:/users/user/desktop/studies/אימות ובדיקות תכנה/project/stage 3/designs/hets1/assets/tcc/include/stddef.h:4: error: ';' expected (got "typedef")

Compiled Exe path: 

No results.
Overall success rate of: 0%

. ID: וויאם מוראד_7075_assignsubmission_file_
Code path: C:\Users\User\Desktop\Studies\אימות ובדיקות תכנה\Project\Stage 3\Designs\HETS1\Assets\Test Required FIles\Debugging Required Files\Codes To Check\וויאם מוראד_7075_assignsubmission_file_\Source.c
Exe path: 
Code submitted: True
Exe submitted: True
Compiler output: Source.c:9: warning: implicit declaration of function 'scanf_s'

Compiled Exe path: C:\Users\User\Desktop\Studies\אימות ובדיקות תכנה\Project\Stage 3\Designs\HETS1\Assets\Test Required FIles\Debugging Required Files\Codes To Check\וויאם מוראד_7075_assignsubmission_file_\Source.exe


compiled .exe results:

compiled .exe results:
Input:

1

Suppoed output:

9 5

Actual output:

Please enter two character with space:
Error: there is no space between two characters


Wrong Output!


compiled .exe results:

compiled .exe results:
Input:

1

Suppoed output:

9 5

Actual output:

Please enter two character with space:
Error: there is no space between two characters


Wrong Output!

Input:

1

Suppoed output:

9 5

Actual output:

Please enter two character with space:
Error: there is no space between two characters


Correct Output!


compiled .exe results:

compiled .exe results:
Input:

1

Suppoed output:

9 5

Actual output:

Please enter two character with space:
Error: there is no space between two characters


Wrong Output!


compiled .exe results:

compiled .exe results:
Input:

1

Suppoed output:

9 5

Actual output:

Please enter two character with space:
Error: there is no space between two characters


Wrong Output!

Input:

1

Suppoed output:

9 5

Actual output:

Please enter two character with space:
Error: there is no space between two characters


Correct Output!

Input:

1

Suppoed output:

9 5

Actual output:

Please enter two character with space:
Error: there is no space between two characters


Correct Output!


compiled .exe results:

compiled .exe results:
Input:

1

Suppoed output:

9 5

Actual output:

Please enter two character with space:
Error: there is no space between two characters


Wrong Output!


compiled .exe results:

compiled .exe results:
Input:

1

Suppoed output:

9 5

Actual output:

Please enter two character with space:
Error: there is no space between two characters


Wrong Output!

Input:

1

Suppoed output:

9 5

Actual output:

Please enter two character with space:
Error: there is no space between two characters


Correct Output!


compiled .exe results:

compiled .exe results:
Input:

1

Suppoed output:

9 5

Actual output:

Please enter two character with space:
Error: there is no space between two characters


Wrong Output!


compiled .exe results:

compiled .exe results:
Input:

1

Suppoed output:

9 5

Actual output:

Please enter two character with space:
Error: there is no space between two characters


Wrong Output!

Input:

1

Suppoed output:

9 5

Actual output:

Please enter two character with space:
Error: there is no space between two characters


Correct Output!

Input:

1

Suppoed output:

9 5

Actual output:

Please enter two character with space:
Error: there is no space between two characters


Correct Output!

Input:

1

Suppoed output:

9 5

Actual output:

Please enter two character with space:
Error: there is no space between two characters


Wrong Output!


compiled .exe results:

compiled .exe results:
Input:

1

Suppoed output:

9 5

Actual output:

Please enter two character with space:
Error: there is no space between two characters


Wrong Output!


compiled .exe results:

compiled .exe results:
Input:

1

Suppoed output:

9 5

Actual output:

Please enter two character with space:
Error: there is no space between two characters


Wrong Output!

Input:

1

Suppoed output:

9 5

Actual output:

Please enter two character with space:
Error: there is no space between two characters


Correct Output!


compiled .exe results:

compiled .exe results:
Input:

1

Suppoed output:

9 5

Actual output:

Please enter two character with space:
Error: there is no space between two characters


Wrong Output!


compiled .exe results:

compiled .exe results:
Input:

1

Suppoed output:

9 5

Actual output:

Please enter two character with space:
Error: there is no space between two characters


Wrong Output!

Input:

1

Suppoed output:

9 5

Actual output:

Please enter two character with space:
Error: there is no space between two characters


Correct Output!

Input:

1

Suppoed output:

9 5

Actual output:

Please enter two character with space:
Error: there is no space between two characters


Correct Output!


compiled .exe results:

compiled .exe results:
Input:

1

Suppoed output:

9 5

Actual output:

Please enter two character with space:
Error: there is no space between two characters


Wrong Output!


compiled .exe results:

compiled .exe results:
Input:

1

Suppoed output:

9 5

Actual output:

Please enter two character with space:
Error: there is no space between two characters


Wrong Output!

Input:

1

Suppoed output:

9 5

Actual output:

Please enter two character with space:
Error: there is no space between two characters


Correct Output!


compiled .exe results:

compiled .exe results:
Input:

1

Suppoed output:

9 5

Actual output:

Please enter two character with space:
Error: there is no space between two characters


Wrong Output!


compiled .exe results:

compiled .exe results:
Input:

1

Suppoed output:

9 5

Actual output:

Please enter two character with space:
Error: there is no space between two characters


Wrong Output!

Input:

1

Suppoed output:

9 5

Actual output:

Please enter two character with space:
Error: there is no space between two characters


Correct Output!

Input:

1

Suppoed output:

9 5

Actual output:

Please enter two character with space:
Error: there is no space between two characters


Correct Output!

Input:

1

Suppoed output:

9 5

Actual output:

Please enter two character with space:
Error: there is no space between two characters


Wrong Output!

Input:

1

Suppoed output:

9 5

Actual output:

Please enter two character with space:
Error: there is no space between two characters


Wrong Output!


Overall success rate of: 40.0%

. ID: ויקטוריה ציפין_7096_assignsubmission_file_
Code path: C:\Users\User\Desktop\Studies\אימות ובדיקות תכנה\Project\Stage 3\Designs\HETS1\Assets\Test Required FIles\Debugging Required Files\Codes To Check\ויקטוריה ציפין_7096_assignsubmission_file_\ בית 3 - ויקטוריה ציפין 313696437.c
Exe path: 
Code submitted: True
Exe submitted: False
Compiler output: tcc: error: file 'בית' not found

Compiled Exe path: 

No results.
Overall success rate of: 0%

. ID: ולדימיר משה דרוב_7074_assignsubmission_file_
Code path: C:\Users\User\Desktop\Studies\אימות ובדיקות תכנה\Project\Stage 3\Designs\HETS1\Assets\Test Required FIles\Debugging Required Files\Codes To Check\ולדימיר משה דרוב_7074_assignsubmission_file_\Source7.c
Exe path: 
Code submitted: True
Exe submitted: True
Compiler output: Source7.c:8: warning: implicit declaration of function 'scanf_s'

Compiled Exe path: C:\Users\User\Desktop\Studies\אימות ובדיקות תכנה\Project\Stage 3\Designs\HETS1\Assets\Test Required FIles\Debugging Required Files\Codes To Check\ולדימיר משה דרוב_7074_assignsubmission_file_\Source7.exe


compiled .exe results:

compiled .exe results:
Input:

1

Suppoed output:

9 5

Actual output:

plese enter two chars with space between them
error! type space between the chars


Wrong Output!


compiled .exe results:

compiled .exe results:
Input:

1

Suppoed output:

9 5

Actual output:

plese enter two chars with space between them
error! type space between the chars


Wrong Output!

Input:

1

Suppoed output:

9 5

Actual output:

plese enter two chars with space between them
error! type space between the chars


Correct Output!


compiled .exe results:

compiled .exe results:
Input:

1

Suppoed output:

9 5

Actual output:

plese enter two chars with space between them
error! type space between the chars


Wrong Output!


compiled .exe results:

compiled .exe results:
Input:

1

Suppoed output:

9 5

Actual output:

plese enter two chars with space between them
error! type space between the chars


Wrong Output!

Input:

1

Suppoed output:

9 5

Actual output:

plese enter two chars with space between them
error! type space between the chars


Correct Output!

Input:

1

Suppoed output:

9 5

Actual output:

plese enter two chars with space between them
error! type space between the chars


Correct Output!


compiled .exe results:

compiled .exe results:
Input:

1

Suppoed output:

9 5

Actual output:

plese enter two chars with space between them
error! type space between the chars


Wrong Output!


compiled .exe results:

compiled .exe results:
Input:

1

Suppoed output:

9 5

Actual output:

plese enter two chars with space between them
error! type space between the chars


Wrong Output!

Input:

1

Suppoed output:

9 5

Actual output:

plese enter two chars with space between them
error! type space between the chars


Correct Output!


compiled .exe results:

compiled .exe results:
Input:

1

Suppoed output:

9 5

Actual output:

plese enter two chars with space between them
error! type space between the chars


Wrong Output!


compiled .exe results:

compiled .exe results:
Input:

1

Suppoed output:

9 5

Actual output:

plese enter two chars with space between them
error! type space between the chars


Wrong Output!

Input:

1

Suppoed output:

9 5

Actual output:

plese enter two chars with space between them
error! type space between the chars


Correct Output!

Input:

1

Suppoed output:

9 5

Actual output:

plese enter two chars with space between them
error! type space between the chars


Correct Output!

Input:

1

Suppoed output:

9 5

Actual output:

plese enter two chars with space between them
error! type space between the chars


Wrong Output!


compiled .exe results:

compiled .exe results:
Input:

1

Suppoed output:

9 5

Actual output:

plese enter two chars with space between them
error! type space between the chars


Wrong Output!


compiled .exe results:

compiled .exe results:
Input:

1

Suppoed output:

9 5

Actual output:

plese enter two chars with space between them
error! type space between the chars


Wrong Output!

Input:

1

Suppoed output:

9 5

Actual output:

plese enter two chars with space between them
error! type space between the chars


Correct Output!


compiled .exe results:

compiled .exe results:
Input:

1

Suppoed output:

9 5

Actual output:

plese enter two chars with space between them
error! type space between the chars


Wrong Output!


compiled .exe results:

compiled .exe results:
Input:

1

Suppoed output:

9 5

Actual output:

plese enter two chars with space between them
error! type space between the chars


Wrong Output!

Input:

1

Suppoed output:

9 5

Actual output:

plese enter two chars with space between them
error! type space between the chars


Correct Output!

Input:

1

Suppoed output:

9 5

Actual output:

plese enter two chars with space between them
error! type space between the chars


Correct Output!


compiled .exe results:

compiled .exe results:
Input:

1

Suppoed output:

9 5

Actual output:

plese enter two chars with space between them
error! type space between the chars


Wrong Output!


compiled .exe results:

compiled .exe results:
Input:

1

Suppoed output:

9 5

Actual output:

plese enter two chars with space between them
error! type space between the chars


Wrong Output!

Input:

1

Suppoed output:

9 5

Actual output:

plese enter two chars with space between them
error! type space between the chars


Correct Output!


compiled .exe results:

compiled .exe results:
Input:

1

Suppoed output:

9 5

Actual output:

plese enter two chars with space between them
error! type space between the chars


Wrong Output!


compiled .exe results:

compiled .exe results:
Input:

1

Suppoed output:

9 5

Actual output:

plese enter two chars with space between them
error! type space between the chars


Wrong Output!

Input:

1

Suppoed output:

9 5

Actual output:

plese enter two chars with space between them
error! type space between the chars


Correct Output!

Input:

1

Suppoed output:

9 5

Actual output:

plese enter two chars with space between them
error! type space between the chars


Correct Output!

Input:

1

Suppoed output:

9 5

Actual output:

plese enter two chars with space between them
error! type space between the chars


Wrong Output!

Input:

1

Suppoed output:

9 5

Actual output:

plese enter two chars with space between them
error! type space between the chars


Wrong Output!


Overall success rate of: 40.0%

. ID: יהב איפרגן_7100_assignsubmission_file_
Code path: 
Exe path: 
Code submitted: False
Exe submitted: False
Compiler output: 
Compiled Exe path: 

No results.
Overall success rate of: 0%

. ID: יהודה כרמלי_7069_assignsubmission_file_
Code path: 
Exe path: 
Code submitted: False
Exe submitted: False
Compiler output: 
Compiled Exe path: 

No results.
Overall success rate of: 0%

. ID: יפתח קושניר_7103_assignsubmission_file_
Code path: 
Exe path: 
Code submitted: False
Exe submitted: False
Compiler output: 
Compiled Exe path: 

No results.
Overall success rate of: 0%

. ID: לואי נסר אל דין_7073_assignsubmission_file_
Code path: C:\Users\User\Desktop\Studies\אימות ובדיקות תכנה\Project\Stage 3\Designs\HETS1\Assets\Test Required FIles\Debugging Required Files\Codes To Check\לואי נסר אל דין_7073_assignsubmission_file_\ בית 3 שאלה 2.c
Exe path: 
Code submitted: True
Exe submitted: False
Compiler output: tcc: error: file 'בית' not found

Compiled Exe path: 

No results.
Overall success rate of: 0%

. ID: ליית גאנם_7104_assignsubmission_file_
Code path: C:\Users\User\Desktop\Studies\אימות ובדיקות תכנה\Project\Stage 3\Designs\HETS1\Assets\Test Required FIles\Debugging Required Files\Codes To Check\ליית גאנם_7104_assignsubmission_file_\h.w3.c
Exe path: 
Code submitted: True
Exe submitted: False
Compiler output: In file included from h.w3.c:5:
In file included from c:/users/user/desktop/studies/אימות ובדיקות תכנה/project/stage 3/designs/hets1/assets/tcc/include/stdio.h:9:
In file included from c:/users/user/desktop/studies/אימות ובדיקות תכנה/project/stage 3/designs/hets1/assets/tcc/include/_mingw.h:27:
c:/users/user/desktop/studies/אימות ובדיקות תכנה/project/stage 3/designs/hets1/assets/tcc/include/stddef.h:4: error: ';' expected (got "typedef")

Compiled Exe path: 

No results.
Overall success rate of: 0%

. ID: מגד שיהאב_7071_assignsubmission_file_
Code path: C:\Users\User\Desktop\Studies\אימות ובדיקות תכנה\Project\Stage 3\Designs\HETS1\Assets\Test Required FIles\Debugging Required Files\Codes To Check\מגד שיהאב_7071_assignsubmission_file_\homework.3.c
Exe path: 
Code submitted: True
Exe submitted: False
Compiler output: In file included from homework.3.c:5:
In file included from c:/users/user/desktop/studies/אימות ובדיקות תכנה/project/stage 3/designs/hets1/assets/tcc/include/stdio.h:9:
In file included from c:/users/user/desktop/studies/אימות ובדיקות תכנה/project/stage 3/designs/hets1/assets/tcc/include/_mingw.h:27:
c:/users/user/desktop/studies/אימות ובדיקות תכנה/project/stage 3/designs/hets1/assets/tcc/include/stddef.h:4: error: ';' expected (got "typedef")

Compiled Exe path: 

No results.
Overall success rate of: 0%

. ID: מוחמד עדוי_7101_assignsubmission_file_
Code path: C:\Users\User\Desktop\Studies\אימות ובדיקות תכנה\Project\Stage 3\Designs\HETS1\Assets\Test Required FIles\Debugging Required Files\Codes To Check\מוחמד עדוי_7101_assignsubmission_file_\מוחמד עדוי\mohamad.c
Exe path: 
Code submitted: True
Exe submitted: True
Compiler output: 
Compiled Exe path: C:\Users\User\Desktop\Studies\אימות ובדיקות תכנה\Project\Stage 3\Designs\HETS1\Assets\Test Required FIles\Debugging Required Files\Codes To Check\מוחמד עדוי_7101_assignsubmission_file_\מוחמד עדוי\mohamad.exe


compiled .exe results:

compiled .exe results:
Input:

1

Suppoed output:

9 5

Actual output:

prees two letter
error


Wrong Output!


compiled .exe results:

compiled .exe results:
Input:

1

Suppoed output:

9 5

Actual output:

prees two letter
error


Wrong Output!

Input:

1

Suppoed output:

9 5

Actual output:

prees two letter
error


Correct Output!


compiled .exe results:

compiled .exe results:
Input:

1

Suppoed output:

9 5

Actual output:

prees two letter
error


Wrong Output!


compiled .exe results:

compiled .exe results:
Input:

1

Suppoed output:

9 5

Actual output:

prees two letter
error


Wrong Output!

Input:

1

Suppoed output:

9 5

Actual output:

prees two letter
error


Correct Output!

Input:

1

Suppoed output:

9 5

Actual output:

prees two letter
error


Correct Output!


compiled .exe results:

compiled .exe results:
Input:

1

Suppoed output:

9 5

Actual output:

prees two letter
error


Wrong Output!


compiled .exe results:

compiled .exe results:
Input:

1

Suppoed output:

9 5

Actual output:

prees two letter
error


Wrong Output!

Input:

1

Suppoed output:

9 5

Actual output:

prees two letter
error


Correct Output!


compiled .exe results:

compiled .exe results:
Input:

1

Suppoed output:

9 5

Actual output:

prees two letter
error


Wrong Output!


compiled .exe results:

compiled .exe results:
Input:

1

Suppoed output:

9 5

Actual output:

prees two letter
error


Wrong Output!

Input:

1

Suppoed output:

9 5

Actual output:

prees two letter
error


Correct Output!

Input:

1

Suppoed output:

9 5

Actual output:

prees two letter
error


Correct Output!

Input:

1

Suppoed output:

9 5

Actual output:

prees two letter
error


Wrong Output!


compiled .exe results:

compiled .exe results:
Input:

1

Suppoed output:

9 5

Actual output:

prees two letter
error


Wrong Output!


compiled .exe results:

compiled .exe results:
Input:

1

Suppoed output:

9 5

Actual output:

prees two letter
error


Wrong Output!

Input:

1

Suppoed output:

9 5

Actual output:

prees two letter
error


Correct Output!


compiled .exe results:

compiled .exe results:
Input:

1

Suppoed output:

9 5

Actual output:

prees two letter
error


Wrong Output!


compiled .exe results:

compiled .exe results:
Input:

1

Suppoed output:

9 5

Actual output:

prees two letter
error


Wrong Output!

Input:

1

Suppoed output:

9 5

Actual output:

prees two letter
error


Correct Output!

Input:

1

Suppoed output:

9 5

Actual output:

prees two letter
error


Correct Output!


compiled .exe results:

compiled .exe results:
Input:

1

Suppoed output:

9 5

Actual output:

prees two letter
error


Wrong Output!


compiled .exe results:

compiled .exe results:
Input:

1

Suppoed output:

9 5

Actual output:

prees two letter
error


Wrong Output!

Input:

1

Suppoed output:

9 5

Actual output:

prees two letter
error


Correct Output!


compiled .exe results:

compiled .exe results:
Input:

1

Suppoed output:

9 5

Actual output:

prees two letter
error


Wrong Output!


compiled .exe results:

compiled .exe results:
Input:

1

Suppoed output:

9 5

Actual output:

prees two letter
error


Wrong Output!

Input:

1

Suppoed output:

9 5

Actual output:

prees two letter
error


Correct Output!

Input:

1

Suppoed output:

9 5

Actual output:

prees two letter
error


Correct Output!

Input:

1

Suppoed output:

9 5

Actual output:

prees two letter
error


Wrong Output!

Input:

1

Suppoed output:

9 5

Actual output:

prees two letter
error


Wrong Output!


Overall success rate of: 40.0%

. ID: מיכאל עמנואל שיינהולץ_7080_assignsubmission_file_
Code path: C:\Users\User\Desktop\Studies\אימות ובדיקות תכנה\Project\Stage 3\Designs\HETS1\Assets\Test Required FIles\Debugging Required Files\Codes To Check\מיכאל עמנואל שיינהולץ_7080_assignsubmission_file_\_שיינהולץ_תרגיל_בית_3_אסקי_להגשה.c
Exe path: 
Code submitted: True
Exe submitted: True
Compiler output: _שיינהולץ_תרגיל_בית_3_אסקי_להגשה.c:20: warning: implicit declaration of function 'scanf_s'

Compiled Exe path: C:\Users\User\Desktop\Studies\אימות ובדיקות תכנה\Project\Stage 3\Designs\HETS1\Assets\Test Required FIles\Debugging Required Files\Codes To Check\מיכאל עמנואל שיינהולץ_7080_assignsubmission_file_\_שיינהולץ_תרגיל_בית_3_אסקי_להגשה.exe


compiled .exe results:

compiled .exe results:
Input:

1

Suppoed output:

9 5

Actual output:

Please enter two single characters, separated by a space. 
Input Error! Please restart the program
and retype the input characters making sure
they are within the right criteria.

Wrong Output!


compiled .exe results:

compiled .exe results:
Input:

1

Suppoed output:

9 5

Actual output:

Please enter two single characters, separated by a space. 
Input Error! Please restart the program
and retype the input characters making sure
they are within the right criteria.

Wrong Output!

Input:

1

Suppoed output:

9 5

Actual output:

Please enter two single characters, separated by a space. 
Input Error! Please restart the program
and retype the input characters making sure
they are within the right criteria.

Correct Output!


compiled .exe results:

compiled .exe results:
Input:

1

Suppoed output:

9 5

Actual output:

Please enter two single characters, separated by a space. 
Input Error! Please restart the program
and retype the input characters making sure
they are within the right criteria.

Wrong Output!


compiled .exe results:

compiled .exe results:
Input:

1

Suppoed output:

9 5

Actual output:

Please enter two single characters, separated by a space. 
Input Error! Please restart the program
and retype the input characters making sure
they are within the right criteria.

Wrong Output!

Input:

1

Suppoed output:

9 5

Actual output:

Please enter two single characters, separated by a space. 
Input Error! Please restart the program
and retype the input characters making sure
they are within the right criteria.

Correct Output!

Input:

1

Suppoed output:

9 5

Actual output:

Please enter two single characters, separated by a space. 
Input Error! Please restart the program
and retype the input characters making sure
they are within the right criteria.

Correct Output!


compiled .exe results:

compiled .exe results:
Input:

1

Suppoed output:

9 5

Actual output:

Please enter two single characters, separated by a space. 
Input Error! Please restart the program
and retype the input characters making sure
they are within the right criteria.

Wrong Output!


compiled .exe results:

compiled .exe results:
Input:

1

Suppoed output:

9 5

Actual output:

Please enter two single characters, separated by a space. 
Input Error! Please restart the program
and retype the input characters making sure
they are within the right criteria.

Wrong Output!

Input:

1

Suppoed output:

9 5

Actual output:

Please enter two single characters, separated by a space. 
Input Error! Please restart the program
and retype the input characters making sure
they are within the right criteria.

Correct Output!


compiled .exe results:

compiled .exe results:
Input:

1

Suppoed output:

9 5

Actual output:

Please enter two single characters, separated by a space. 
Input Error! Please restart the program
and retype the input characters making sure
they are within the right criteria.

Wrong Output!


compiled .exe results:

compiled .exe results:
Input:

1

Suppoed output:

9 5

Actual output:

Please enter two single characters, separated by a space. 
Input Error! Please restart the program
and retype the input characters making sure
they are within the right criteria.

Wrong Output!

Input:

1

Suppoed output:

9 5

Actual output:

Please enter two single characters, separated by a space. 
Input Error! Please restart the program
and retype the input characters making sure
they are within the right criteria.

Correct Output!

Input:

1

Suppoed output:

9 5

Actual output:

Please enter two single characters, separated by a space. 
Input Error! Please restart the program
and retype the input characters making sure
they are within the right criteria.

Correct Output!

Input:

1

Suppoed output:

9 5

Actual output:

Please enter two single characters, separated by a space. 
Input Error! Please restart the program
and retype the input characters making sure
they are within the right criteria.

Wrong Output!


compiled .exe results:

compiled .exe results:
Input:

1

Suppoed output:

9 5

Actual output:

Please enter two single characters, separated by a space. 
Input Error! Please restart the program
and retype the input characters making sure
they are within the right criteria.

Wrong Output!


compiled .exe results:

compiled .exe results:
Input:

1

Suppoed output:

9 5

Actual output:

Please enter two single characters, separated by a space. 
Input Error! Please restart the program
and retype the input characters making sure
they are within the right criteria.

Wrong Output!

Input:

1

Suppoed output:

9 5

Actual output:

Please enter two single characters, separated by a space. 
Input Error! Please restart the program
and retype the input characters making sure
they are within the right criteria.

Correct Output!


compiled .exe results:

compiled .exe results:
Input:

1

Suppoed output:

9 5

Actual output:

Please enter two single characters, separated by a space. 
Input Error! Please restart the program
and retype the input characters making sure
they are within the right criteria.

Wrong Output!


compiled .exe results:

compiled .exe results:
Input:

1

Suppoed output:

9 5

Actual output:

Please enter two single characters, separated by a space. 
Input Error! Please restart the program
and retype the input characters making sure
they are within the right criteria.

Wrong Output!

Input:

1

Suppoed output:

9 5

Actual output:

Please enter two single characters, separated by a space. 
Input Error! Please restart the program
and retype the input characters making sure
they are within the right criteria.

Correct Output!

Input:

1

Suppoed output:

9 5

Actual output:

Please enter two single characters, separated by a space. 
Input Error! Please restart the program
and retype the input characters making sure
they are within the right criteria.

Correct Output!


compiled .exe results:

compiled .exe results:
Input:

1

Suppoed output:

9 5

Actual output:

Please enter two single characters, separated by a space. 
Input Error! Please restart the program
and retype the input characters making sure
they are within the right criteria.

Wrong Output!


compiled .exe results:

compiled .exe results:
Input:

1

Suppoed output:

9 5

Actual output:

Please enter two single characters, separated by a space. 
Input Error! Please restart the program
and retype the input characters making sure
they are within the right criteria.

Wrong Output!

Input:

1

Suppoed output:

9 5

Actual output:

Please enter two single characters, separated by a space. 
Input Error! Please restart the program
and retype the input characters making sure
they are within the right criteria.

Correct Output!


compiled .exe results:

compiled .exe results:
Input:

1

Suppoed output:

9 5

Actual output:

Please enter two single characters, separated by a space. 
Input Error! Please restart the program
and retype the input characters making sure
they are within the right criteria.

Wrong Output!


compiled .exe results:

compiled .exe results:
Input:

1

Suppoed output:

9 5

Actual output:

Please enter two single characters, separated by a space. 
Input Error! Please restart the program
and retype the input characters making sure
they are within the right criteria.

Wrong Output!

Input:

1

Suppoed output:

9 5

Actual output:

Please enter two single characters, separated by a space. 
Input Error! Please restart the program
and retype the input characters making sure
they are within the right criteria.

Correct Output!

Input:

1

Suppoed output:

9 5

Actual output:

Please enter two single characters, separated by a space. 
Input Error! Please restart the program
and retype the input characters making sure
they are within the right criteria.

Correct Output!

Input:

1

Suppoed output:

9 5

Actual output:

Please enter two single characters, separated by a space. 
Input Error! Please restart the program
and retype the input characters making sure
they are within the right criteria.

Wrong Output!

Input:

1

Suppoed output:

9 5

Actual output:

Please enter two single characters, separated by a space. 
Input Error! Please restart the program
and retype the input characters making sure
they are within the right criteria.

Wrong Output!


Overall success rate of: 40.0%

